<?xml version="1.0" encoding="UTF-8" ?>
<testsuite tests="1" failures="1" name="com.abcjob.AbcTest" time="0.003" errors="0" skipped="0">
  <properties>
    <property name="jansi.mode" value="strip"/>
    <property name="java.runtime.name" value="Java(TM) SE Runtime Environment"/>
    <property name="java.vm.version" value="18+36-2087"/>
    <property name="sun.boot.library.path" value="C:\Program Files\Java\jdk-18\bin"/>
    <property name="maven.multiModuleProjectDirectory" value="C:\dev\java\SpringNgentot\abcjob"/>
    <property name="java.vm.vendor" value="Oracle Corporation"/>
    <property name="java.vendor.url" value="https://java.oracle.com/"/>
    <property name="guice.disable.misplaced.annotation.check" value="true"/>
    <property name="path.separator" value=";"/>
    <property name="java.vm.name" value="Java HotSpot(TM) 64-Bit Server VM"/>
    <property name="sun.os.patch.level" value=""/>
    <property name="user.script" value=""/>
    <property name="user.country" value="US"/>
    <property name="sun.java.launcher" value="SUN_STANDARD"/>
    <property name="java.vm.specification.name" value="Java Virtual Machine Specification"/>
    <property name="user.dir" value="C:\dev\java\SpringNgentot\abcjob"/>
    <property name="java.vm.compressedOopsMode" value="Zero based"/>
    <property name="java.runtime.version" value="18+36-2087"/>
    <property name="os.arch" value="amd64"/>
    <property name="java.io.tmpdir" value="C:\Users\ASUSRO~1\AppData\Local\Temp\"/>
    <property name="line.separator" value="
"/>
    <property name="java.vm.specification.vendor" value="Oracle Corporation"/>
    <property name="user.variant" value=""/>
    <property name="os.name" value="Windows 11"/>
    <property name="classworlds.conf" value="C:\dev\java\SpringNgentot\.metadata\.plugins\org.eclipse.m2e.launching\launches\m2conf3124259562234530426.tmp"/>
    <property name="sun.jnu.encoding" value="Cp1252"/>
    <property name="java.library.path" value="C:\Program Files\Java\jdk-18\bin;C:\WINDOWS\Sun\Java\bin;C:\WINDOWS\system32;C:\WINDOWS;C:\Program Files\Common Files\Oracle\Java\javapath;C:\Program Files (x86)\Common Files\Intel\Shared Libraries\redist\intel64\compiler;C:\Windows\system32;C:\Windows;C:\Windows\System32\Wbem;C:\Windows\System32\WindowsPowerShell\v1.0\;C:\Windows\System32\OpenSSH\;C:\WINDOWS\system32;C:\WINDOWS;C:\WINDOWS\System32\Wbem;C:\WINDOWS\System32\WindowsPowerShell\v1.0\;C:\WINDOWS\System32\OpenSSH\;C:\MinGW\bin;C:\Program Files (x86)\QuickTime\QTSystem\;C:\Program Files\Java\jdk-18\bin;C:\Program Files\Go\bin;C:\Program Files\Git\cmd;C:\Program Files\NVIDIA Corporation\NVIDIA NvDLISR;C:\Program Files (x86)\NVIDIA Corporation\PhysX\Common;C:\Program Files\Java\jdk-18;C:\Program Files\Apache Software Foundation\Tomcat 10.0;C:\Program Files\nodejs\;C:\php;C:\Program Files\MySQL\MySQL Server 8.0\bin;C:\Program Files\MySQL\MySQL Shell 8.0\bin\;C:\Users\ASUS ROG\AppData\Local\Programs\Python\Python310\Scripts\;C:\Users\ASUS ROG\AppData\Local\Programs\Python\Python310\;C:\Users\ASUS ROG\AppData\Local\Microsoft\WindowsApps;C:\Users\ASUS ROG\AppData\Local\Programs\Microsoft VS Code\bin;C:\Program Files\JetBrains\PyCharm Community Edition 2021.3.1\bin;;C:\Program Files\Java\jdk-18\bin;C:\Users\ASUS ROG\go\bin;C:\Program Files\Java\jdk-18;C:\xampp\tomcat\bin;C:\Users\ASUS ROG\AppData\Roaming\npm;C:\Program Files\MySQL\MySQL Server 8.0\bin;;."/>
    <property name="jdk.debug" value="release"/>
    <property name="java.class.version" value="62.0"/>
    <property name="java.specification.name" value="Java Platform API Specification"/>
    <property name="sun.management.compiler" value="HotSpot 64-Bit Tiered Compilers"/>
    <property name="os.version" value="10.0"/>
    <property name="user.home" value="C:\Users\ASUS ROG"/>
    <property name="user.timezone" value="Asia/Makassar"/>
    <property name="file.encoding" value="UTF-8"/>
    <property name="java.specification.version" value="18"/>
    <property name="user.name" value="ASUS ROG"/>
    <property name="java.class.path" value="C:\Users\ASUS ROG\.p2\pool\plugins\org.eclipse.m2e.maven.runtime_1.18.3.20220227-1319\jars\plexus-classworlds-2.6.0.jar"/>
    <property name="java.vm.specification.version" value="18"/>
    <property name="sun.arch.data.model" value="64"/>
    <property name="sun.java.command" value="org.codehaus.plexus.classworlds.launcher.Launcher -B test"/>
    <property name="java.home" value="C:\Program Files\Java\jdk-18"/>
    <property name="user.language" value="en"/>
    <property name="java.specification.vendor" value="Oracle Corporation"/>
    <property name="java.vm.info" value="mixed mode, sharing"/>
    <property name="java.version" value="18"/>
    <property name="native.encoding" value="Cp1252"/>
    <property name="java.vendor" value="Oracle Corporation"/>
    <property name="maven.home" value="C:\dev\java\SpringNgentot\abcjob\EMBEDDED"/>
    <property name="file.separator" value="\"/>
    <property name="java.version.date" value="2022-03-22"/>
    <property name="java.vendor.url.bug" value="https://bugreport.java.com/bugreport/"/>
    <property name="sun.io.unicode.encoding" value="UnicodeLittle"/>
    <property name="sun.cpu.endian" value="little"/>
    <property name="sun.cpu.isalist" value="amd64"/>
  </properties>
  <testcase classname="com.abcjob.AbcTest" name="com.abcjob.AbcTest.testCreateUser" time="0.003">
    <failure message="Cannot invoke &quot;com.abcjob.service.Repo.save(Object)&quot; because &quot;this.repo&quot; is null" type="java.lang.NullPointerException">java.lang.NullPointerException: Cannot invoke &quot;com.abcjob.service.Repo.save(Object)&quot; because &quot;this.repo&quot; is null
	at com.abcjob.AbcTest.testCreateUser(AbcTest.java:51)
</failure>
  </testcase>
</testsuite>